2018-11-26 09:00:26.977	begin http listen, port=8989
2018-11-26 09:00:26.978	binding socket
2018-11-26 09:00:31.078	begin http listen, port=8989
2018-11-26 09:00:31.078	binding error
2018-11-26 09:00:34.165	begin http listen, port=8989
2018-11-26 09:00:34.165	binding error
2018-11-26 09:00:37.246	begin http listen, port=8989
2018-11-26 09:00:37.246	binding error
2018-11-26 09:00:38.322	begin http listen, port=8989
2018-11-26 09:00:38.322	binding error
2018-11-26 09:00:39.398	begin http listen, port=8989
2018-11-26 09:00:39.398	binding error
2018-11-26 09:00:40.475	begin http listen, port=8989
2018-11-26 09:00:40.476	binding error
2018-11-26 09:00:40.641	Decode succeed
2018-11-26 09:00:40.674	Decode succeed
2018-11-26 09:00:40.723	Decode succeed
2018-11-26 09:00:40.777	Decode succeed
2018-11-26 09:00:40.835	Decode succeed
2018-11-26 09:00:40.873	Decode succeed
2018-11-26 09:00:40.878	Decode succeed
2018-11-26 09:00:40.938	Decode succeed
2018-11-26 09:00:41.002	Decode succeed
2018-11-26 09:00:41.025	Decode succeed
2018-11-26 09:00:41.030	Decode succeed
2018-11-26 09:00:41.072	Decode succeed
2018-11-26 09:00:41.126	Decode succeed
2018-11-26 09:00:41.172	Decode succeed
2018-11-26 09:00:41.224	Decode succeed
2018-11-26 09:00:41.230	Decode succeed
2018-11-26 09:00:41.274	Decode succeed
2018-11-26 09:00:41.323	Decode succeed
2018-11-26 09:00:41.375	Decode succeed
2018-11-26 09:00:41.423	Decode succeed
2018-11-26 09:00:41.429	Decode succeed
2018-11-26 09:00:41.475	Decode succeed
2018-11-26 09:00:41.523	Decode succeed
2018-11-26 09:00:41.575	Decode succeed
2018-11-26 09:00:41.622	Decode succeed
2018-11-26 09:00:41.628	Decode succeed
2018-11-26 09:00:41.672	Decode succeed
2018-11-26 09:00:41.723	Decode succeed
2018-11-26 09:00:41.773	Decode succeed
2018-11-26 09:00:41.824	Decode succeed
2018-11-26 09:00:41.876	Decode succeed
2018-11-26 09:00:41.883	Decode succeed
2018-11-26 09:00:41.927	Decode succeed
2018-11-26 09:00:41.974	Decode succeed
2018-11-26 09:00:42.025	Decode succeed
2018-11-26 09:00:42.045	Decode succeed
2018-11-26 09:00:42.077	Decode succeed
2018-11-26 09:00:42.426	Decode succeed
2018-11-26 09:00:42.440	Decode succeed
2018-11-26 09:00:42.452	Decode succeed
2018-11-26 09:00:42.467	Decode succeed
2018-11-26 09:00:42.488	Decode succeed
2018-11-26 09:00:42.503	Decode succeed
2018-11-26 09:00:42.518	Decode succeed
2018-11-26 09:00:42.531	Decode succeed
2018-11-26 09:00:42.543	Decode succeed
2018-11-26 09:00:42.555	Decode succeed
2018-11-26 09:00:42.791	Two similiar frame
2018-11-26 09:00:42.791	Two similiar frame
2018-11-26 09:00:42.792	Two similiar frame
2018-11-26 09:00:42.792	Two similiar frame
2018-11-26 09:00:42.792	Two similiar frame
2018-11-26 09:00:42.792	Two similiar frame
2018-11-26 09:00:42.793	Two similiar frame
2018-11-26 09:00:42.793	Two similiar frame
2018-11-26 09:00:42.793	Two similiar frame
2018-11-26 09:00:42.793	Two similiar frame
2018-11-26 09:00:43.040	Decode succeed
2018-11-26 09:00:43.094	Two similiar frame
2018-11-26 09:00:43.102	Decode succeed
2018-11-26 09:00:43.161	Decode succeed
2018-11-26 09:00:43.195	Two similiar frame
2018-11-26 09:00:43.196	Two similiar frame
2018-11-26 09:00:43.474	Decode succeed
2018-11-26 09:00:43.479	Decode succeed
2018-11-26 09:00:43.484	Decode succeed
2018-11-26 09:00:43.490	Decode succeed
2018-11-26 09:00:43.495	Decode succeed
2018-11-26 09:00:43.496	Two similiar frame
2018-11-26 09:00:43.497	Two similiar frame
2018-11-26 09:00:43.497	Two similiar frame
2018-11-26 09:00:43.497	Two similiar frame
2018-11-26 09:00:43.500	Decode succeed
2018-11-26 09:00:43.505	Decode succeed
2018-11-26 09:00:43.510	Decode succeed
2018-11-26 09:00:43.515	Decode succeed
2018-11-26 09:00:43.520	Decode succeed
2018-11-26 09:00:43.526	Decode succeed
2018-11-26 09:00:43.531	Decode succeed
2018-11-26 09:00:43.536	Decode succeed
2018-11-26 09:00:43.541	Decode succeed
2018-11-26 09:00:43.546	Decode succeed
2018-11-26 09:00:43.551	Decode succeed
2018-11-26 09:00:43.556	Decode succeed
2018-11-26 09:00:43.561	Decode succeed
2018-11-26 09:00:43.566	Decode succeed
2018-11-26 09:00:43.571	Decode succeed
2018-11-26 09:00:43.576	Decode succeed
2018-11-26 09:00:43.581	Decode succeed
2018-11-26 09:00:43.586	Decode succeed
2018-11-26 09:00:43.591	Decode succeed
2018-11-26 09:00:43.596	Decode succeed
2018-11-26 09:00:43.598	Two similiar frame
2018-11-26 09:00:43.598	Two similiar frame
2018-11-26 09:00:43.598	Two similiar frame
2018-11-26 09:00:43.599	Two similiar frame
2018-11-26 09:00:43.599	Two similiar frame
2018-11-26 09:00:43.599	Two similiar frame
2018-11-26 09:00:43.599	Two similiar frame
2018-11-26 09:00:43.600	Two similiar frame
2018-11-26 09:00:43.600	Two similiar frame
2018-11-26 09:00:43.600	Two similiar frame
2018-11-26 09:00:43.600	Two similiar frame
2018-11-26 09:00:43.634	Decode succeed
2018-11-26 09:00:43.684	Decode succeed
2018-11-26 09:00:43.701	Two similiar frame
2018-11-26 09:00:43.701	Two similiar frame
2018-11-26 09:00:43.734	Decode succeed
2018-11-26 09:00:43.786	Decode succeed
2018-11-26 09:00:43.797	Decode succeed
2018-11-26 09:00:43.802	Two similiar frame
2018-11-26 09:00:43.802	Two similiar frame
2018-11-26 09:00:43.803	Two similiar frame
2018-11-26 09:00:43.836	Decode succeed
2018-11-26 09:00:43.885	Decode succeed
2018-11-26 09:00:43.903	Two similiar frame
2018-11-26 09:00:43.903	Two similiar frame
2018-11-26 09:00:43.936	Decode succeed
2018-11-26 09:00:43.985	Decode succeed
