2018-11-28 18:17:05.960	http://192.168.100.88:8088//pdio_collect/analysisData/upload [SEND] TOO LONG:{
    "detectObjects": [
        {
            "height": "73",
            "locationX": "339",
            "locationY": "360",
            "type": "Nest",
            "width": "82"
        },
        {
            "height": "177",
            "locationX": "121",
            "locationY": "44",
            "type": "Nest",
            "width": "175"
        }
    ],
    "pictureContent": "iVBORw0KGgoAAAANSUhEUgAAAlgAAAHgCAIAAAD2dYQOAAAgAElEQVR4AcTBba/u6Xke9OM4zuv63/da22OPPTN+GD/F8ZjUNklaKBSkKig0QMrDt4A3fAXeAUWqBFIFKVWkPJC2NIhIIS/KUwgQoaapK9KkqVwntYONHXvs8Z4Zz8zae933/7rO82Dty72dNZqZUoGS/H587vkPeQEgw3bNaZskgNbaGCMiAFQVSVzYriqSAOackqpKEkkAc86I6L2fTqfW2s3NzeFwABALSSwkbUuy3VojWVVXh6OMzMSy9SOgMYbt3ntj9xz56PZ/+pVffuFPfwZv8bf+21/6u7/26y+99NJ73vVuMirxyRc+8f2f/NC7n95+4Ef/FHoDOjCBHTgCwhMd6MAGNPxRMHCL+Q2cT+P1Rw+/8bLH/o2vf+O111778pe/fH58fubBM6+f9vng+q/87H/9+qMRESdrVrbWbJPEP4WqAiCJ5JxTEgAFqupwOGTmzc3NgwcPANgmWVW2xxi9dwBPPfXUzc0NgNba7e1ta40k7iEJwAsAkrjHS2stM0kCqCrbmdlaA0BSEsnMtA3A9vX19el0sg0gMwFEhG1c1LJt2xgDF7bxDkjannMCkARAEgD
2018-11-28 18:17:08.667	http://192.168.100.88:8088//pdio_collect/analysisData/upload [SEND] TOO LONG:{
    "detectObjects": [
        {
            "height": "212",
            "locationX": "19",
            "locationY": "44",
            "type": "Nest",
            "width": "239"
        },
        {
            "height": "78",
            "locationX": "407",
            "locationY": "364",
            "type": "Nest",
            "width": "112"
        }
    ],
    "pictureContent": "iVBORw0KGgoAAAANSUhEUgAAAlgAAAHgCAIAAAD2dYQOAAAgAElEQVR4AYTB65ImWXYcVnffJ+LLzKq+zI0YUmaSmX7wiSCAF4jiW/MBQANlpCBMdXVlfhHnbHdlRndOV5tmpLX493/3H7dt6+4g9/sJEMyrqnp6ejqOI8kYY/USRbK7Sb68vFRto/ZPnz59/vz5hx9+OI5D0vPz8+Pj44cPH7777ruq+vLlyz/90z9t27bOe3ePMbr722+//83vfvP99985/cp2d//mN9/9y7/8y7fffvv58+caSh8JkiYFYHYDkHSeZxIAY+jVy8vLw8NDz8nLcRzS3oE9kwCQBMT2ec6np6c5Z4JtG1++fLndbmutOecYo7sfHx9fXl4krbWO4/j48eOf/vSnb775Pu/wpqvKdncDkNTdtiWNMc7zfHh4+PLlC8lc8GskkwAgObQlsY2LbQC2xxjdbTsJgKoaY8w5beMdL/hKVZ3nWVW5bNvW3QCS2FNCku6WSqq1chzH4+PjnJNc+DMaGUnjQjIJgFxsjDG6kUQSLrYl4WIbX0mCXzSA7gmgqgCQNcZI0t0kHx4+vLy8jDEAJAGw1gJAMlljDMCX3vdH20AB6G4AnQAYYyTp7jFGd0s
2018-11-28 18:17:33.418	http://192.168.100.88:8088//pdio_collect/analysisData/upload [SEND] TOO LONG:{
    "detectObjects": [
        {
            "height": "75",
            "locationX": "205",
            "locationY": "135",
            "type": "Nest",
            "width": "131"
        },
        {
            "height": "40",
            "locationX": "374",
            "locationY": "45",
            "type": "Nest",
            "width": "56"
        }
    ],
    "pictureContent": "iVBORw0KGgoAAAANSUhEUgAAAlgAAAHgCAIAAAD2dYQOAAAgAElEQVR4AezBW5el2V3d6d9c6907TlmZKWHTY2AaEEilOhnZYCxs8AAPoH3ovvf3vwHVIQWZysiI/b7rP2fvWFlbtaNKVeIqr+p5xDsi6fm/+90f/Y//8T8+/vjj93/6kw8+/KMf/s6zm5uL/SVfFwgEFwlHCecSJCSOJP41Er5G4ijhSELirUBMwlFCEk5sJ2mtjTFaa85orXGSFGeS8JtU1RhDEydJgEyApyRMoTjTtHBG0rIskpgk5YztJJIycZIEyFRVSTiSjzjJ1B701sRjSTiTia8UZ5LwDZ6AFpLYTlIFJZskTFLU0lpblgWIqvduO0lrrSggCZDEJ0BOJNnuvd+vh2VZmJLYPhwOkmxXlaGqtm1b13W/31dVEtu3t7dJxhi264GPti1Vta7rsizbto0x1nWVtK7r69evJY0xWmuStm1Lsm2bp6qyvW1bVUlKMsZIUhMnVWWbkzGG7dbasiyttZzY5kxrhthOAthOAiThG0IlBUgClABJOLHNlCMTvtJak8TUWgOqalmWTMAYIwkQIAGStNaSSOq9Z+JEk21JQCZAUhImSUlaa5wklQSQlMRGUibb
2018-11-28 18:19:19.037	http://192.168.100.88:8088//pdio_collect/analysisData/upload [SEND] TOO LONG:{
    "detectObjects": [
        {
            "height": "131",
            "locationX": "0",
            "locationY": "46",
            "type": "Nest",
            "width": "136"
        }
    ],
    "pictureContent": "iVBORw0KGgoAAAANSUhEUgAAAlgAAAHgCAIAAAD2dYQOAAAgAElEQVR4AUzBCbBt2Vkf9v83rLX3Ge7w5tf9elRraKRuqSUktZDQgABZQggsMQSbSU4oqAJSjp1UcBEgOHFIqsIQDBinwDgOiKSAAMaMZiogYCNEEGgW3VLPw3vvvnvvueecvfda6/u+3L6Eqvx+9OL7X2vmEV5Kdfdpqq01ABHBpMxsFu7OzBQuoJy41JI0AQ4w4PS3cObGzRu7O7tEFBFEJCIRQSQArIWqEpE7HM6Au+ecqxkRQdjMUkq1VgEp8zRNKSUiioiu6/wMgIggoojY29trrU3TxMyqamYRkVIys77vW2tEBKC1pqp0BkDOuZRCRCLCzGYmIq212WxmZgCYOaUURNNm2816ETGznDMRubuqAmBmpSQk7k5EKSUwC1FSra2RCAkRv6DW2nc9ManqNE0ikjXhlHlKCYB7SykRBQARoQCzNg9VBSBCEUEUp4jIPM7tn2PWYRi6rvO/YcYiEWFmzExEZtZaiwicERFmrtXGoQgnZo6IUkfiqHVABDFHRDFHqwGY2dSmo5PDy1cvP/vssx/+8Ie+/Vv/4d133nnPvbe/7P4Xf8c//p7tdnvj5tP33HNPSunw8FBVy4RpmszM3TUkOIZhqLV2XUceYy0ppYiotUZErdXdAUQEM0dErbXrummauq5zh6qenJzM5/Ne+5PhJKVkZqWUvb3doKZJSikAyExANg2q2vf9OA5AzOdd7rqIWJ9sNbG7T9PU9/0wle04BXHu8inS/vDouHkzM2au
2018-11-28 18:19:21.705	http://192.168.100.88:8088//pdio_collect/analysisData/upload [SEND] TOO LONG:{
    "detectObjects": [
        {
            "height": "166",
            "locationX": "0",
            "locationY": "47",
            "type": "Nest",
            "width": "111"
        }
    ],
    "pictureContent": "iVBORw0KGgoAAAANSUhEUgAAAlgAAAHgCAIAAAD2dYQOAAAgAElEQVR4AUzBCdCt510Y9v/2PM/7nnO+5X530b26V4tlSZaEZUnehCwvgG1sA2OgAWIwhph2yNIaQoakTUgoA4ShYTpkmoEhlEBCZygNSzaW2i5mqQMUC9sQLGTJ2nV1pbt92znnfd/n+S/97tdhpr8f3nvvO2qrZqaqY221ju4OAGZWSgEAJCLEiEBzbVpSiggAQIwAI6I4RpI0gkyXy+XGYkPNU0qtGh4DgFJKrRURmVndiRkIV6vVfD5vrRGRmYlIrbVIMlVhdveUkruXUsZxBAARMTN3TymJSN/36/UIACIZANwdwBGSh/Ixd8s5mTUAUFXmZGYimYgAQIREBDHMLOcMAO7eWss545GAiCiSSim11lJKc+tSJqJhGErOLBIRKaWIQMS+78dxJMQAYE5SutWwns1mdATwSJfyOI4pJTcQEWJgZjMTETMTkYhQ1a7riKA129ra2t/fzzmLCACoqrvXWufz+enTpwFgmibVGi5xgwOAO5i1CDDTruvNlEjMzI+FIyGau1oFALzBh3HNzO7OJO7RdMJj6/VyudzfPrF44YUXn/jS4x/9zo++/dGH+0W563V3/9gP/9gwDC++cPHChQvuPgxDSun61d2UkqoSURtbIj48XKeUzKyZBqGIAECtFdyb3eDuZkYkKSUENrNhGLp5UdXUpVorEfWlX4/rJFJbQ6JZTuHeiyDiNE1mjZkgzN2TFNcKRzw2NzcjYrVecxJkGoaBiAB8nA5V68bGxnw+
2018-11-28 18:19:24.383	http://192.168.100.88:8088//pdio_collect/analysisData/upload [SEND] TOO LONG:{
    "detectObjects": [
        {
            "height": "257",
            "locationX": "109",
            "locationY": "28",
            "type": "Nest",
            "width": "208"
        }
    ],
    "pictureContent": "iVBORw0KGgoAAAANSUhEUgAAAlgAAAHgCAIAAAD2dYQOAAAgAElEQVR4AXTBa6yu6Vkf9v//uu77ed53HfZe+zx7xjPj8Rw8sY1tDDYO5WBjG0hFhFJEihKlqaKSfuBDlBIkmoOSUiXql4a2UaNKFTSqGpWipPQLaot6SFOIQkXSJLgJwRhjbM9szz6vtd73fZ7nvq/r37Vfe2ObTH4/fse/8QNKNyu1VpKZ6e4AbM/dI2K9Xu92u4ODg977OI6tNdvDHkkzy0wAtdbMNDPu1VojgiQyKRyu1vM8m1ldjTCKbK2RdMPgpRDurqcy08xKKQbrCTMDkJl9cbJIwh59R1J7y7Jwb1mW1Wo1TRPQ52WnpFkBQHrszfM8DENrLSIktdYy8/j4+MUXXzw8PByG4fOf//wXvvD5eZ6n+Wy9PshMwuc5V8Px1M5bzKSTvfUlAxECIIVESaTMseymIkWEJAClFOxlpqQkdn3JzHEcl2WxkIPYcyEZYmCPZEE1IbOV4iRlRHFJvXeSqD5aAdBak+TukswsIkq1iGht9r0wW3pekCyD22kHIPFV3JMUva/qwDYX91KKmbl7VxdBpIMAdMHDBEkAJGVGZo8IMxtrGYaBpEDB6bWUkpnuHtnMlBnuNgxDRCxtimilGNCQ59W6sRIueGLVuQ7Aa9lup4PVGq1Jwh5JACTx1GBBS9f5sn081DFVl+CDR9PD002y0gaBCUaKIt2EMLOIwB7JUsputyulAOjEV5DEv6IIX8+8ASiljCv/wx976d69z/zs3/qbLz//Jw7WDDORhL
2018-11-28 18:19:27.005	http://192.168.100.88:8088//pdio_collect/analysisData/upload [SEND] TOO LONG:{
    "detectObjects": [
        {
            "height": "86",
            "locationX": "71",
            "locationY": "49",
            "type": "Nest",
            "width": "92"
        }
    ],
    "pictureContent": "iVBORw0KGgoAAAANSUhEUgAAAlgAAAHgCAIAAAD2dYQOAAAgAElEQVR4AezBW69t2Xoe5Pc7tNZ672PMOddatcvxgSuu4McixcLbcZAiYUPuEAJZwQiQORkhMFJknC2Tk29wjHZq76q15hxj9N5a+w7M6k6J8Au2L+p56Hd+/6cRISIRcblcps9u3d0zsa5ra/XxeIwxRIQTa2tzzswspUSEu5dSxhgi0lrzE4gIMLNSikdkBIBSCoAxRmstIgAQUUQQEU4Z4e6iKiKZ5J611jFGKSUiMpOIMhPA2pZ59Iig08ePL8Te+/52++af/Yv/85fffPunf/KnYy9VnyPwLjNVNU/uvm3bvu+qKiKZuWxL78PMVDUimDkzAUSEagEYABFlZu+dmUspEcHMaaBgfC9LqR8+vMzwY3RiumwXM9u2TVW//vrrzCxFPB5aIJK/9uufhJjCRUhEAFCS0veY6Pr09Pr6um4NiG3b5pyqamYR+eHDi5lRoqqOMTIzIlQ1M0Xk8XiYGRHPgcfjUFnmSCKJZDCr1nB29yBoLRGxLMucProR0U+++sojxjAuFUwRUWvNTFWNCACqOodH4B2fAAwzR6qqu6sqACKKiMws2qZHMhFxZqhqrTUze+/LskQEJ4gIQGut9/6Tn/zkF7/4harWWjOTkW1dMpOZM0mkMHOt9fn5eVvatlDCllVr41orMyszfvSrdjyOZVuQCHcAmWlm7k6RiBxzZOQPbIxDRCJijIFTZBLwOHaAITznzFNEZGZEZOYYQ0TGGMycmczs7mYWEe4uIn7KTCKKC
2018-11-28 18:19:40.552	http://192.168.100.88:8088//pdio_collect/analysisData/upload [SEND] TOO LONG:{
    "detectObjects": [
        {
            "height": "45",
            "locationX": "449",
            "locationY": "146",
            "type": "Nest",
            "width": "50"
        }
    ],
    "pictureContent": "iVBORw0KGgoAAAANSUhEUgAAAlgAAAHgCAIAAAD2dYQOAAAgAElEQVR4AeTBza+t6Zke9Ou67ud511p7n4+qOlV2ubr81VEbSEJb6gFILQU6DDJEQkIKwwgG5N9glEHIPwCTSAgJgmCQCEUoEgE1kWIiJaQJqG1322673K6PU1XnnP2x1vu+z31frP2e2uXjtqvFACHo/H58/de6bQARMc9zFSK4LN7tGumqApDp1lrmIDFN0+3tEoFMnEUgQlIsy/rgwcU8z/v9/urqtnfhF81zTlPvXetaQFaVjSo8fHhxOh2LnnbRWmQm6dZFGl/AhO2IGJlT75kJYL/fH49H25luTWcACiWpVJKWZZ36DkBrjeSyLLUOmuta+90+s66fz+stUVFVJHvvAKrKdmttjHF5eXk6nWxfXl6u62wnWBEhCagvv/2kT4yI1tqyLJJWLuUCfTqdDofDGMPAgEflGKOqeu+S1koTayaAiBCwn3ZjPk27BhSA4/H48OFDnJUPrR92F8fbuffpMF1A05qDZIudreNqACRba8uyRERmjjFqI5dYYyz7/eHZs+dPnjy5vb0dY9hurS1zfvDBR689fvLhh09773gFSQAkAZCsKoFneIUk21UlqfeY9v36+joz44whhX+OtrFpra3rCmu322UmgKqyaZvkuq7TNFUVfi6ME+4FWNgBsI0zCxA2PCuDAwDveYOXLECwcI8yvgBJSSTxkkUGfk5AASAJYFmWw36/jsHNuq4RQRL3uAFgG4BtkSCr6nA4jDGqqrVmG5vWJherarfbLcsCoPf
2018-11-28 18:19:51.177	http://192.168.100.88:8088//pdio_collect/analysisData/upload [SEND] TOO LONG:{
    "detectObjects": [
        {
            "height": "46",
            "locationX": "213",
            "locationY": "356",
            "type": "Nest",
            "width": "82"
        }
    ],
    "pictureContent": "iVBORw0KGgoAAAANSUhEUgAAAlgAAAHgCAIAAAD2dYQOAAAgAElEQVR4AezB0a5le3bf9e9vjPGfc661q+qcOtXtY3di7HYESE6EHC4iQIIIIZFglMQ4RHGwQYkECB6AV+EBeAFeAXGHcuGbEF8lkCg43Z0+59Sp2rXXmnP+/2Nk7Xmq+nQ7NrblbqPQ+/PRb/y9XwPMzN35IA+SMvN0Om3bNs+zDkAe3BVLmGEHDpLMzN2raozRWjMzDpLMTJKZSeKDiKiqzPQDIMnM3F1SZnKIiKrikbm1ZTlnpmyPQ2stM8cYZtZac/dpmlprksyMgyQwytzbjZlRxiOrkpm5ux0A3eBVNS9tjAGYubu5i0NVZWZEmBkHSWamQ5UqJbk+cHegDoAZvfeqaq1dr9eImKe5UO+dYrtuwJ57790sNGyUSWVVDu/u76Go6mNUiR91f3//9u3bquJf8fDwkJl8UFX7vufIh+tD33tRX3z2BQeZWmvzPEcEUFV9j3f3lzdv3hQlNM9zVUWEu29br2ySwqcWrU2tqgA7tMnH2Pd++da3fnaeZw7TNJ1OzUx1Q91kDigOuZ9fvvykql6//nyMIdv5QDK/CZvnuLs7v/zkZVWdTos/sm9+86XMADd35/dYt76u1zGytTa1Zu7iUfFIkhs3BdvIqpLIkVlVQmpuGkk4JiR+j0z2MS77oEySm4n3JJkofh97RwJRiTvXrfZ9uPs0y4ybKm4kvlaMDRnmZDE6WXzFwByJr1Qxkh/oHShJEbjjTjhVCFogMDAQiCc/Zl88VN8HsK5K9LC
2018-11-28 18:19:53.865	http://192.168.100.88:8088//pdio_collect/analysisData/upload [SEND] TOO LONG:{
    "detectObjects": [
        {
            "height": "56",
            "locationX": "425",
            "locationY": "373",
            "type": "Nest",
            "width": "74"
        },
        {
            "height": "29",
            "locationX": "283",
            "locationY": "24",
            "type": "Nest",
            "width": "52"
        }
    ],
    "pictureContent": "iVBORw0KGgoAAAANSUhEUgAAAlgAAAHgCAIAAAD2dYQOAAAgAElEQVR4AezBgW4kWZZl173PfWbOzOwZ6P+/U2p0Jd3eEWlR3sXoypgpCYIwwHAtZ/iwN0rCh5YP57kAFWirAt54UYHevAFJeFF5UdsCKl/4IRe/lO7hZ73xr2nLizde/FTc/NC08uItCS97b265teWW5P39fWZUbn6Y2XEhnyYJL5tnEqBUA7TlZ2st9bouXnRmFrD3VpMAMciHtkhM27VWb2pbfkFNwktfAL/gZ3NT+SveAG+AyouahA+NjpoE6A3wBWjrLQlf7L3VI5OkLaACa63n8ymTLG9JZqbpzABtk3CbGQiQrCQz0+cVUIHjON7f34/jKMeze2b2BWStpbb1Za2VBFABNcnMACowMyqQRJ0PPSAq8Hg8AJfA4zwPo7YlybHWOmnUyWSiJlGBmUkCeTweQG5rLXXmWGvNTLKO9VDXsZ52wnEE9+Mxa0XZ9Dj22xvnsGaO4du3/z2Z8GFvFKWlRVHWEmj9kMRbLZ9cMUnbvTegAklUXlT+icrPzMUvha62fNGW/7dUvtCa8kNtw4uahL+y9247M9w07Vb54mq3pKhtfmgLbK8kfGoyKqDy4o3b3lsFd
2018-11-28 18:20:04.530	http://192.168.100.88:8088//pdio_collect/analysisData/upload [SEND] TOO LONG:{
    "detectObjects": [
        {
            "height": "41",
            "locationX": "454",
            "locationY": "144",
            "type": "Nest",
            "width": "50"
        }
    ],
    "pictureContent": "iVBORw0KGgoAAAANSUhEUgAAAlgAAAHgCAIAAAD2dYQOAAAgAElEQVR4AeTBS8xtaX7f9e/v/zxr7f1ez7W6Ll3VcXd1u9uJEhuIzMAiSuSEJCJEAQWYgTIiI5QJYsIEBkwYhRkDBFGQIEhR5CBIiO20oyAyiAIiaZMmdseOu7qrui7n8p733XuvtZ7n/2PvfU51nSp3V5eZtMv1+YhPJ0GBIiQQewpK5fSMTM5v89Ir471748svXfy+L7wYdRt1kdhb2qbEOM8tIoZhKGWY543tWus8996wdbI+W61OvvfWe621l1589Zd+6R8JbzdJ8uvfohRef531enjl8/clbt269eTJkxdeeOHhw4fA9fX1/fv333jju+7DG288GgbmOUvU3vu0cykCnZysd7tdOLY3bdqSyXpVWuvhEqRUJOEopQDL0h0eS52mqZQyDMNqtdpM88PrzcXFxcPH1/Pi1tV7Pzk56b0DeXRyctJaOpWZvM+2JGC1Wm02m8Sr05PWWmZC2J7nubVMfjQRoZrOotLdgaICvPTSSw8ePBjH0fZ2u81MyForyj3bOGzSrqWu1mtn9t6BeZnTvaiWUoBSClCKbjY3koF0Goay/sP/yh++vr5erVallHEc//7/8SvBkCwciI8jICjJAsFHmQMJgUzyOyECqFEv1uvWN8vSIqKUwkFiKcIH6impcBQuMWgvM20rg+KIyEzbdCXasy1pWRYd2QYkRQQwDEMpxXZEDMNQnhIpJZRSYg+djMOyLOfn55vNZhxHhTOzlFJrLaXYbq3ZjogSA2Cr21N
