2018-11-28 19:15:52.479	http://192.168.100.88:8088//pdio_collect/analysisData/upload [SEND] TOO LONG:{
    "detectObjects": [
        {
            "height": "64",
            "locationX": "453",
            "locationY": "112",
            "type": "Nest",
            "width": "70"
        }
    ],
    "pictureContent": "iVBORw0KGgoAAAANSUhEUgAAAlgAAAHgCAIAAAD2dYQOAAAgAElEQVR4AUzByZPtaXkg5nf4ht90TmaezDvWvUVRBUglRBUl1KgBKdrdjkBIrQE7tHD0RhFasCBEhHbe9da7/ge0afdC2G6HHba6Q0JqowZJ0BISUEiI4lLjrao7Zp4842/4vu99XydHJtzPg3dfehH+K0TknDMzVUVgRAYARByG4Xg211JUNMRQSjEzAEgpmVkpBQ3IIOfsvdcDMwOAqqrMDBGJCACY2V0hLik1deOcU1UR8Z5ECxEBQM7Ze59SCiEgopmpqpkBQErJOYcH4zjGGFNKJycnZoYHROScWywWFxcXzBxCWK/XIYScs5nNZjOzzEylFDjIKu2s22w23ntmFhEAqOt6u91WVQUAbdvmnEXEsytTappmu90yMwCYGTMPw9A0DRHt9/umqVWtlBJjDcA5Z+ccIpZSAEBEvPd938cY27YdxzHGOI5j13Wr1apt281mU1WViBCRqiKi93632zVNw8z7/b6u61KKcy7nLCJ0YGY5567rhmFgZiIqpXjvp2ny3jNzjHGaJgAopTBzKQURmRkPAEAP2rZl5mEYRAQA8EBEzIyIzAwAELGUEmNMKQ3D0DQNEeWcSylt2/Z9DwDz+Xwcx+V61c66tmnW220VY0opeG/wY8y83m3rtlmtVkTknFPVEIKZpZTMzFfVMI3MvFwuj4+PiQgA1DSGuN/vQwh4YGZgpAqq6pwDgMAOVImImVVVRJgZDABhPp9fXFy0bS2ap2nKOTNzXdebzabrOu9
2018-11-28 19:16:04.526	http://192.168.100.88:8088//pdio_collect/analysisData/upload [SEND] TOO LONG:{
    "detectObjects": [
        {
            "height": "186",
            "locationX": "401",
            "locationY": "94",
            "type": "Nest",
            "width": "199"
        }
    ],
    "pictureContent": "iVBORw0KGgoAAAANSUhEUgAAAlgAAAHgCAIAAAD2dYQOAAAgAElEQVR4AezB+6/2a14f9Pf787mu6/u973ut9Zz2zGxmhBnYhIJgKVBAgfgXqO2PRmMqleMMMNAxxjL7vCu2HmLA0kIDBFFrqoRCERMPqUmNHFJECVQmUyUDc2LPPj3Ps9Z9+H6v6/q8vdf32WvmGYEKaVPbzf168V/6N/54KSUiLi4uSK4369deey15OhqH9X7XL85vp5z2+/32ahuKr/3ar/3oRz8KQCI1AJY8eXIghtGkwMLMcs5mBmAcxzfeeIOuoQyH/eHeE/dqraWU7XY7jKOXHETvvZTi7hEhaRiGeZ5XqxUXrTUzJ2FmJK+uri5u35rn2d3nec4511rv3LlzdXU1LmwREZJaayQjYhgGM6u1juPo7gAiwszaXAPabDaSEDrCwsxyzmaGR2S0kvMwTVPO2d1JAmit3bp1q7UmCUDvvbV269at3vvV1dWdO3cOhwPJiBiGwd1LKXU/5ZSSWUhuRqBHSMLCzCSNZTzMh03ZTKoBgBg4JKSOTjiAqjpyrJo74oJnHXIUAkTCycnJPzp1mvNQcPLWxb/4w98mKSLeeOMNSavV6o033kg5zdO83e5f/dTD8/NbACLC3Um+7W1v++hHPwqA5olrs+TJc8pmyIVmCIUkM8s5m1nvfbPZvPLKKxcXZ+v1er/fP3HvibnOOef9fl9KsZRr79M0rVarUsrhcDCzcRhqrcNqRYBkrdUXttjtdrffdq/WamaSSEbEUIbddjuOY85JgudEUlLvnW
2018-11-28 19:16:06.338	http://192.168.100.88:8088//pdio_collect/analysisData/upload [SEND] TOO LONG:{
    "detectObjects": [
        {
            "height": "307",
            "locationX": "57",
            "locationY": "63",
            "type": "Nest",
            "width": "294"
        }
    ],
    "pictureContent": "iVBORw0KGgoAAAANSUhEUgAAAlgAAAHgCAIAAAD2dYQOAAAgAElEQVR4AWTBC9Cu+1kW9uu67v//ed7vtNZeOzs7ocneiQkkRQSrHazjOB2moZ6wnVatCNWZihhpymE8i9A6Ou2MtuNYKQ6KrQy1tbZVelBKZ+qxjKJiSYCEJBxCdrJJ2Me111rf973v8zz/+776rXdlhYX+fnzu+WeTUVW2ty0BjlE3WmuSSGZmRIwxSEZEZtqWRBJHVWWbJIDW2hgjIgDYxudZVfg8kpLWdQXAo3ThCVG4wSM8ZpukpNVJwoYkklUFgGRrbds2/GKt5qqy3XsHkLECGNs42e1qGyQBGHBwXdeIICl2UniC7YjwEUk8wTZJ2wB2u93hcGit4YZbZpK03VoDBCAiJC3LcnFxMcbYtm1Zlt5mBWC1I5K2xxi73W6MMc9zTP36sL++vj45OZE0xri6umpHALYjALZba5kpiaRtGlPTbrcD2eep9f76a68BqKpobWxbbydAAZQIgGRVAYgbNFrvTa+99trJyQmsqiKJIx7ZBVBS7/3B5b3eY5qmw+EgKRC2SUpyllnzPI8xAEgBM9PTNAHYtg2AbTxGEk9orWXmPM8RMcZo6gDGGLvd7urqCr+YbQA8ArStudvteu/X19eSeu+213WdpinAaq4ah8Ph3e9+90//9CemmKdpN03Tfr+/fX6GGx7X19etNZImi3gkIhpF0nZEAGitLcvSWouIdV2ffvqp/f6K5LZt8zwzKzN5ZNPO3ntVAQhQCEmZSVIStUmqKtskFQAqM20DIIm
2018-11-28 19:16:08.197	http://192.168.100.88:8088//pdio_collect/analysisData/upload [SEND] TOO LONG:{
    "detectObjects": [
        {
            "height": "314",
            "locationX": "61",
            "locationY": "62",
            "type": "Nest",
            "width": "279"
        }
    ],
    "pictureContent": "iVBORw0KGgoAAAANSUhEUgAAAlgAAAHgCAIAAAD2dYQOAAAgAElEQVR4AYTBXcy2a1of9P//OI7zuu77fp73Y633XavztRaLgYHpMA2fVYlFDEFrI1WMNTZpQmhITQxuaNWESGLUuNEN94wbbUytjXHDDWLqDmhBqAgIBbXFgcIMwzAza2bWx7vej+e57/u6zvM4/j7vNTxr3gk0/H786Edfw6aqMnU+96ntxhiSRpUka0GyqgBwU1UAggbA8D4TvIj3SQIQEafTqbWGP05VRUSOHKYxxm63y0wAXniBAQVYVQForV1fn/b7WRI2kgBkJkl3VzlJd5d0Pp+FPs8zNsuy7HY73BAEASCdJICqiojMNDMPX5c1IiqNpJlFxFgXrldvPfryYXf44Ksf/N0/+Ow3ftMnrtbh7rghy77cvf/y9fU1NiTxgt77PM/u3ntvrZlZ732M0dp0Pp8AzPO8ritJAMQMQBIAArBOEhuSh8OBpJlN0zTPs5lJBfAGAJK996oCQAKwaWrLsuz3e0ljDElmJunp06vr6+vd7gCgqgg3B2SZSVISgN57ZuKP0yLu3r8/TxNJVZX05MkTSWa2ruvdu3cv79x59O67rTWSmbmuqyR3ryptfKMNAHc/n8++ISnpcDicTkvWiAhIVeXuVeXuZjbGyFFCkc4bZpCwyUyS7k4yM3e73bIs0zSRrCps+AIAY+0m7Ke5qty9977b7ZZlIWlm3OAWSXdvrS3LEhG4lZkkI4Lkfr9flgVAVWFTVZLMjGRVmZm7Z2ZEZCaAzAQQHoKqqrWm7O5
2018-11-28 19:16:13.828	http://192.168.100.88:8088//pdio_collect/analysisData/upload [SEND] TOO LONG:{
    "detectObjects": [
        {
            "height": "316",
            "locationX": "0",
            "locationY": "80",
            "type": "Nest",
            "width": "233"
        }
    ],
    "pictureContent": "iVBORw0KGgoAAAANSUhEUgAAAlgAAAHgCAIAAAD2dYQOAAAgAElEQVR4AUzBa6yu63Ue5PseYzzv+35zznVe+2R7e28ncerasSlQVenB6Z+2kRpUIVVVq9AfIEKqKhJqKyGRH0WqVNGUIgRRUKioOAioVA4pIS20hBSJHEggGGq7ju3Y2/Y+2vuw1l5rzfl93/s+zxg3c33OrnpdfOb5j6m0bus8z9s2hCIMwPF43J2fZWYREd77MMHN+tZba5lZhQhM07Kua2utEplJOslt21prvXd3X5blyZMnrbVeOS0zyczkiU4AkHT3kQlpXdeIaK2t60qzmzduHC+P024hKQmAkEDrY3V3MyOJ0rZtu93ucDjO88TSPE3HdY2Ix1eXWRWFl19++atf/WpM7c6dO4+vLkkCkMQP1Im7S4oIkhpJskaaWe/d3bdtu3nzZmWVim5VxvDeuyQzY6mq3Ixmkqrq7OzsyZMn87KAtMDIjIgxBklJZhYRYwxlmUxSVZG0a9TI3lqbpmldV8kBmHvftmmaeq0AzKy1BmDbNkn4p4x379598803zezs7ExSjvEH/9Af+rVf/dXzi4sqPXr30dWTx2dnF2fnu+efe/a1N78J54kb4+zsbNs2qSJaZkoCkJnKPs/zetgvy7Jt2/n5jXVdc6j3fvPmzePxaGZCSoqIqooISdu2TdO0rus0TThxdwBVBUCSmY0xSJqZu48xcGJmESFpjFFV8zxLIgnAzDJT0rIsmVlVACTN89x7l2RmmTlNE1B8yklu23Y2LxBa+LZt0zSBEGjNxhjL
2018-11-28 19:16:17.702	http://192.168.100.88:8088//pdio_collect/analysisData/upload [SEND] TOO LONG:{
    "detectObjects": [
        {
            "height": "36",
            "locationX": "486",
            "locationY": "325",
            "type": "Nest",
            "width": "41"
        }
    ],
    "pictureContent": "iVBORw0KGgoAAAANSUhEUgAAAlgAAAHgCAIAAAD2dYQOAAAgAElEQVR4AVTB0Y5sW3Id1jkjYq2dmXVO39simxAE04Ihv/jF8IP95P//EQmiJbDJZt9TVbn3WhExXSfpa1Bj8O//17+VlFXhvvc2xnWt2+3e3XtvMzvP08yqKrO6RYIEwO6KFwAkJQFw9+va9oUhCWxJkK21AJA0Mku5E2gPB+lmEt2nMTJzraVM/CszcycJoLvx4u74H3W3JJLdPecE0N0A+HK/33/89pu527+BF5LmkFKSmVUVzdRtLy0NQqXzPL9//15VmXncv13X5e57b7gIXGs9Ho9MqRdAAXvv4zjWVTv3nPO6rvvtbec156xsCe6jXwCQzMyqiheS3Q3AXzLTzKrK3fk7WMzbsdaSRNLMAJiZpO42x1pL0pwT1aqWZGYkc7c5ImLvLYkwMjITQEQAWGsBOI7DzLrSw9c+zSwz3QZJs8jMOWd3VxXJvbeZ3e/3lbu63ay7I6J2dndEVJW7l0ESSUAmVlWYr7XGGN0NgCSA7o4Io4Ews+u63MfeSdjtdsvM7j5u4/Pzc8659zYzAJLMrLsJFwGYJAAkw7jWiojMBCCC4QBIAkbKzNZab29v53ma2XEce+/uNjN3z0ySAEjvQkTkS0RI6m5JY4za1+56vN3P5/N2u5F06n77/vx47253L2GXxphmbKUAdZtZZroPdYMFwM1ylc+Ru6vqdrsFTV+qSQIwt8oys9vtttbq7mMez/P5eDz23kYD8f/LzDnn7XZ7Pp+3223vTbK7zSwzAQh
2018-11-28 19:16:19.591	http://192.168.100.88:8088//pdio_collect/analysisData/upload [SEND] TOO LONG:{
    "detectObjects": [
        {
            "height": "88",
            "locationX": "427",
            "locationY": "217",
            "type": "Nest",
            "width": "128"
        }
    ],
    "pictureContent": "iVBORw0KGgoAAAANSUhEUgAAAlgAAAHgCAIAAAD2dYQOAAAgAElEQVR4AZTBy49lWXYf5t967L3PuY+IyMjMqKzKqq7u6mY3yW5apuUJAcFDWoQ89IAQLQiGYQHWv2QPPDQMw7ABw4ZGBGyBkiVSBPWCzGazX+x6Zcbrvs45e++1liNvqdgakt9H//Af/LqZ7ff71to823724zEO+8pRzOhwnGZr6/Xa3fEk2MzwFXKEuvdpWl6/ft+8XVwmYphZrXX3eCp5TWyH4+Pl5YUQOIJgT1S1tTYMw7IsIgKAmbtFSaNq6r3/xV+8XTxEy2qVmVw19x4Ejgg7I5HVagXg/v4+PVHSlHpry7K01o6TD2Mex1yXGZzxFaLpdEopuTvORIRJiBTgiHB3VQWw3x82m3XvvWgaS3m8f1iv1xGx2pS5VmcvpRARiwMeYQDMbL8/1dpW48XNzQ0RHY/HeZ7NrLV2dXWlmlVhFsuyuHtK6fbtPucMYLUaRaQUBXlEEJFZm58sp5ubG/ceYUQkIhEBIOfBDI8Pu4eHB35HsycRGYZhHMc2LynJsF6ZWa2VVSAShL/EzADa2Xossy3jkFtr2+12t9tdXl4uywKglNJnT5qi8eFwqLXeP+xY1YlLKdM0pZRELSWZ51mUVDUilmUBUEohopTSOJbVavX27dvTcXn27Hq/P2w26+Px2Htvffn+97//05/+hAgsIIre6ziORNR7V01APMGZiNzd3aekNzc39/f7u7u71x98vNvt3D1llZKD4gkzt7qMSebpJCKn0+ni4uLV6w+/eP
2018-11-28 19:16:24.973	http://192.168.100.88:8088//pdio_collect/analysisData/upload [SEND] TOO LONG:{
    "detectObjects": [
        {
            "height": "93",
            "locationX": "478",
            "locationY": "172",
            "type": "Nest",
            "width": "93"
        }
    ],
    "pictureContent": "iVBORw0KGgoAAAANSUhEUgAAAlgAAAHgCAIAAAD2dYQOAAAgAElEQVR4AXzBXaylaVoe5vt+nuf9vrX23lW7qvqX7p6e6WEGM53BDjgDDjFgiWCsACF2pFiK8Vl+jCIS2YoUKUqUOEdIUc7jw4goiSxZThCKQbaxbGAkIjsJw8zw1wMNPf3fVV1Ve++11ve97/PcWbV6yvJB8HXxtc++iJMxxrquYwxVA3ztVTRJ0WaSkg67K7MG8uz8HMBmO5uxTSQxxkrS3UnmSURQRXKM0Xvfbrdt3uSJJHevKpLuTlBQZrbWqqr37u4AJMO/wOSSSK7rut1uR+XRPM+ZqSzA1nWdpqmqRGR2khJVfvvunZ/4t37sH/3y3/+/vvxPnnnx0yOzRQCUcGSGT0isqsxsre12u5dffvmwH3DbHfYvvfTSfr939wcPH56dnQGIiD46KyOi9x4RmXl2drGua2ttXdftvFmWvQmSAIw1I+zmcC0pIgCoXFJrrfcOWUTLntEwxpjnWehmJqiycCLiiOThcNhubmUmgNYmiEJ2VGbO87wuvZVlyk+kGtndWVWZaeFmhqcMXJXTNPXeIwJAllVVRGRma21dD9M0ZaakqoqYgNIJZRKryt1xIoIkTkg6jSSekuTuvfd1Xedp28daqWmaeu/u3uZN7/3i4mJd1xZzVpeEP0ZmJxkRzz/3/LtvfdOoBx8/Wka2efrsa5976623WpsBgdlam+e5qsys9z7P88XFxeFwkJSZVcWTdV03m81YcoxqNHMnAFIqEiNzu9nc7HegO5xkVUUEKQC
2018-11-28 19:16:32.609	http://192.168.100.88:8088//pdio_collect/analysisData/upload [SEND] TOO LONG:{
    "detectObjects": [
        {
            "height": "36",
            "locationX": "329",
            "locationY": "210",
            "type": "Nest",
            "width": "40"
        },
        {
            "height": "128",
            "locationX": "198",
            "locationY": "48",
            "type": "Nest",
            "width": "126"
        }
    ],
    "pictureContent": "iVBORw0KGgoAAAANSUhEUgAAAlgAAAHgCAIAAAD2dYQOAAAgAElEQVR4AYzBUZIkyXUkWlW95h6ZWQAxEDzsf4H8I6erMtzsqr4oK3gjGyBF5hz+5W9/x2abDkettSThlwwA3Q3gPM85p6RsvOFmGwDJJN0NQBI2Kvwp+IV2a61rjFFV3c0NG8m1liSSeEmBnYQkgCQkcesOqVGHbQDXdUkaYyTp7jEGviC51gIwxkgCgGp8lYFN0jg0xvjtt/8+z3POCWCM4a2qjuOwfRzH5+dnVXGTVFWfn59VZZu3qpJEEv+g97dvz+esKgAFFsngl+fz+Xg8AEgiCeDxfjaapG1s2rr7PE8Aa60k53lWVRIAYwySa60xBsk559vbW3d/fHzMObs7mySSj8djrSUJgKQkAKqKJG5EkTXGOcZYa9mWhBtvuCUNQBIAkmOM67pqA2AbgCQAks7zvK6rSNtzzuM4xhi2k5D09ng85pzv7+/P55NkkqoCYBtfHMdhG5skANd1jTEAJOnuJNi6m+RaK8nj8ehukt291hpjrLXO8zyOx+fnZxIA3ADYziYJ/xPbSY7j6G5sBkyMMZ7P52McPWd3S+rux+PRG7bcsCWxnQRAkvf398/Pz+4+jmP
2018-11-28 19:16:38.177	http://192.168.100.88:8088//pdio_collect/analysisData/upload [SEND] TOO LONG:{
    "detectObjects": [
        {
            "height": "47",
            "locationX": "493",
            "locationY": "100",
            "type": "Nest",
            "width": "72"
        }
    ],
    "pictureContent": "iVBORw0KGgoAAAANSUhEUgAAAlgAAAHgCAIAAAD2dYQOAAAgAElEQVR4AezB36+m630W9uv63s/zvO+71ppfe2bPSh0cHMcOcRIbctITpAqjyKQFSg96UqSiFvUfaFVVtKftAa0qJDiIECAi9RC1URG/UiUquLaJSQIlCtTBwSbbezvbO9n23jOzZq33ee77e119595+kneYGbrtJHiirs+H5+fnOGIbR0hi5W4YBknoSOLfiCRWJCNCHTu8b7ZxhGREuAPgDi9gG0dsS8LKnSQAEWFbEoCIAOAuIuZ53m63tVZ3EQHAHVa2AagDEBEksbKNI5JwxB1WtgFIAkDSHa5dezkEToIbYf5v/5v//n/48/8VVp//zJcePLrAgFrrMAxLXWAc1CUlsQMwTqXW2loDkJmSSA7jUKIgdXay3W2m/X5P8tGjR6c3dkOJcRyHUq72+1rr3Vdeqa3t9/t5niPi3r17b7/9dmttHMfa5mEIAJlp+/Hjy2kaIwIAyZot7WEYbBfamQywA1mGwQQMw5ZTFVREzPM8lgLZluSDUgop0gAk2bQGm5IsGchc5DyQRHJZltZaREiKCNuttWkaM4UuItwBsKstkhEhyTZJAJIigmStVdJms2m5ZMtMA5BEFhKt1ZOTExyRZJuk7YiotUoCIAmAbRxQJAEdgGhVu93u4YOLUoqk1hrJiGit4YBgKUutJG231iRlpiQbJABmtoiotQ7DMHYA5nkupdRaM5NkREjKTNt6IlvL/fyYRLYGIDMkS2kL4G534/LyAh4ZrEsli50A3CU8DMN
2018-11-28 19:16:40.035	http://192.168.100.88:8088//pdio_collect/analysisData/upload [SEND] TOO LONG:{
    "detectObjects": [
        {
            "height": "54",
            "locationX": "518",
            "locationY": "119",
            "type": "Nest",
            "width": "82"
        }
    ],
    "pictureContent": "iVBORw0KGgoAAAANSUhEUgAAAlgAAAHgCAIAAAD2dYQOAAAgAElEQVR4AezBa5Ok13md6Xs9+83MquoTUDhQJERSlGSHbI4l8QTK9CE0nhhNeP6df9Y4wnZQHyzFeEzRJACCBAg0wO6uynz3XmuqN5GjbDWKBhkehwj1deny8pLbSeL/H0m4XRJul4QTSYCqymSbo6qSxO0kcSIJkASQBNiWBNhmkgT03jNxC9s54lfKkSYgEy+88A9dQQPxiRLiN1SwQPGJggWKT1ewQPHpChYoPtHCuVhChITMHlaeEgTc0KaW1jbnZ2evvvayKpvNZrs5227ri2+cf+33v3Q4HO7dvffn/+bP2tLOz88vbpxfnJ2ft9Zefvmls/OF/1HCuoZfJSiAJKZlKWAMfvruu2+//faTJ0/+w3/4jz/72XtJ9vv9o0ePlqU+/sXDJ0+e7Pf7dV3ttT817AFkaq0dDoeqApJwlMR2JiCJ7d1udzgc1nXVBCQeQzwrCUeHw2G73XoC9vv9siwc2Y5lm6NMHOny8pLPTBK/piSSeE4SbpeE2yXhRBJAEpDENkdVxbM0AUkASZxIAiQBJAG2JQG2mSQlGWMk4RZJbOeIXylHkgBJmXjhhX/oChqIT5QQv6GCBYpPFCxhiAbF31XB4ixEiL+rYIHiE+1rX/xflraRtCzLbnd2fr772u99bbfbne3OXnntQbX93Xvnr7766v37999444v/+J9sa1ttaUtbdrtmp5r4n+uwtyQ+zX6//9GPfvTjH//43/27fycJ+Pijj59cPRlj9N7Xdd1
2018-11-28 19:16:41.961	http://192.168.100.88:8088//pdio_collect/analysisData/upload [SEND] TOO LONG:{
    "detectObjects": [
        {
            "height": "60",
            "locationX": "453",
            "locationY": "420",
            "type": "Nest",
            "width": "75"
        },
        {
            "height": "90",
            "locationX": "337",
            "locationY": "315",
            "type": "Nest",
            "width": "152"
        }
    ],
    "pictureContent": "iVBORw0KGgoAAAANSUhEUgAAAlgAAAHgCAIAAAD2dYQOAAAgAElEQVR4AezB25Il13Wl6X/Mudx3ROQJSIAABIoyEiQoiiqVqOq2foq+qIuyflK9hi7LuuumTC20SRRJ4ZSHiO2+1hy1wxMb8CQQKEBsilAxv09/9md/djgcJNmWuVk8tZRUVYrJtfZ1OVwceu8QUMA0TZJst9ZqYztzgpIEXF9fHw6HiFjXFZCEoAIxxogIbcYYrTXbvEwvhFyWVIXkE2CMcTgcrq+vW2tAVQFVZZszbzjrvQPzPC/LkpnAsiwRYRtQeF2PQGYC67pO01RVbKoKGGNIighvOLPNmTdVxcuWZbm8vBxj2OZLMhM4Ho8RwZk3VcUdvOHMNju2+RaKHZs9m68hCbAdEbb5NmwDkmzzyr8hSYBt/uhJ4m62eeWPhn74wx+21iJCUl/WQQuoqsw0meHj8ToyMlKKCFWVNr13oWzZe7+8vBzD9mBTrnmaxxi2e+8RYTuiGWNObEuqqtaabc5sRwZGEme2JLMZY0REVUkCvKkqzmyPMSSxkWT7+vp6miYgM4HeuyTbgKilHyNCEtB7z0zANlBVQFVp4w1ntjmzDYwxIoJNVQG993meq8o2O5k5xog
2018-11-28 19:16:52.887	http://192.168.100.88:8088//pdio_collect/analysisData/upload [SEND] TOO LONG:{
    "detectObjects": [
        {
            "height": "35",
            "locationX": "190",
            "locationY": "323",
            "type": "Nest",
            "width": "46"
        }
    ],
    "pictureContent": "iVBORw0KGgoAAAANSUhEUgAAAlgAAAHgCAIAAAD2dYQOAAAgAElEQVR4AezBWaytaX7f9e/v/zzvWns481jz3E47jmU7HZQAhogghgCJQoRA4gIJxCXkIoBEkBCKCCJCSBF3gESElNyhCJACsaN2HBG1bcVJbDeOne52DzXXGeqcfc4e1/u+z//H2u8+a9eqrnNO7epUtd0in49KKbYB20wksSYzgVor4AlfANtMJDGxzWenCWsiotY6DENrLSK6Os+WCEkRgZKJKKS7Wi9vnNuY1xeeefb+g9tf/rFXtzfKeNBvzLuHD3bn862t2daNS1fe/M53v/IzP33+/Nb+zsPXX315PquXLmxvzOrGrErq+36jq+dK7YLMRKqlzGYzSqEUSiE6SkFQK0sbG3SVpXFkHJEI6CohIphVjhlBFbOOWaEE4phFChUkJLoZXQcFKlSo0HFWDcyxyvczDDDgRIKARuvpF7TGksWYIGxao43Q6Hv6nkzSjGYcWZLIERokrZEJjf6wH47u37/fWtvfO1wsFvfu3dvf39/Y2Hi4u7d96dovfu2Xs87eub2z5/L27Q/vPtx/cLA/ZkaEITFgISPJNiuJlzgDHauseJKZnI0n/EA84Qk8YSLJMmIloGDxSKKE5Pc+83jiMcwTCczvAgU2p2zMmYinEYhAaRMcc3DKxsZ84cRjmLMSmB8tKqXYBmwzkcQa20ApBfCEz4ltQBJgm4kkJrb57DRhRVJElFLGcbQtqUSXmZpEhG0mWjK1lCvbF85vbT5381p68dz1q1vzutjfu7C5/cG
2018-11-28 19:16:56.711	http://192.168.100.88:8088//pdio_collect/analysisData/upload [SEND] TOO LONG:{
    "detectObjects": [
        {
            "height": "32",
            "locationX": "305",
            "locationY": "240",
            "type": "Nest",
            "width": "42"
        }
    ],
    "pictureContent": "iVBORw0KGgoAAAANSUhEUgAAAlgAAAHgCAIAAAD2dYQOAAAgAElEQVR4AezBWayu53ke5vt+nvf7/mGtted5i4NIzXIs0bIlj7Vbp7Hrou4AoymCHLQFclIU7UGCFmkRoK0QoEXbHBRtgAAJgqJp0cJAg8J25LaWY0OyRMumRFETKVLiIJLiJvewxv//v+99n+fuXh+5lE1J6RlPiH1dvHbtGslSynq9JmlmpRQzk9Rak4Qfx8xKKa01kmaWmZJKKQA0iQhOMlMSJ5np7pvN5syZM4eHh13XDcNQSiGZmWZGMjMBuDtJd1+v12ZG0sxyYma11sVikROd4ERSZpZSIkISADMjiYkmuIcknJCUmQDMjKSkzJSEEyTNDJNSyjAMmNiktSYJgJm11kh2XScpIoAAIEUpJSIkAiCJiY6ZJJzITACaANDE6F6stZaZQJC6KzMB6BglmcHdN5uYzSwiMZFwLwn3kiDhvnfODPjw1ct//S//mx95+MFzi4UpIH3liT9/4/XXP/ThD19+8MGLV68sT59+9vln/+kff/bcxdOL5WJra3ZweGeM9tLrt5974Xv7h6u+782MsJa+v9488bXvvTbiLgIBEMe2gdML/8gjj/zSJ37i4nLWe61qRM6g5aKL2szMBTevtXad41hKyrugMRvNahsAqMFkEu9ydykAuHspfVcWYAMSSABd1y23z23tbBNdm9R2tBlWm81mGDabzVAjgDzcHGY2SYARjomZqbbNer1cLkm6eymlL52ZASQxjq1GttYAbxDY3JmZkbm7d9iUETFmRKT
2018-11-28 19:16:58.672	http://192.168.100.88:8088//pdio_collect/analysisData/upload [SEND] TOO LONG:{
    "detectObjects": [
        {
            "height": "151",
            "locationX": "0",
            "locationY": "51",
            "type": "Nest",
            "width": "270"
        }
    ],
    "pictureContent": "iVBORw0KGgoAAAANSUhEUgAAAlgAAAHgCAIAAAD2dYQOAAAgAElEQVR4AezBW5MkV3Yl5rX2Pu4ekZeqwq27ARDsbpI9M3zS//8Repoxk9lcZNSMmg0SjVtVZka4n7PXUpSDwUmoCUpNg+lBlt/Hzz777HA4jDFIjjEyk6SkiCApyTZ2tlVxIelwOIwx8JwjGwGs6zrPc1VFhG0803s/HA5VhSvvAEQErrxrrZG0Dch2JHrvmUkyIgBIAjDGiAjbmWk7Yyqd7Rhj2I4LNqNst9ZI2t62LTMlZSZ+TJJt7GxLsk2y9z7Ps3YAIgIAyTGGbZLeAbANgDvb2vlKUkTYjoiqigjbAGzjGUm2cWUbz3iHK9t4xjZe/PkCnAIBA/gPf/u333/zR4x+O89BgLyZ8s3N4S8+fBMRkkiu69pau51jiWHU69f3E+LN/c3d8Xg4zBckp5Zz5jRlRNi+ubmJCLwnUNiFEdY8N9u3t7dv3769vb0FIOl4PFaVJABVJQm2xibidD5/9tlny3zMPPQNJCW11ubj4bStJMcYHlVbH2OzRQaZY4x1PUVEaw27ZVmqCjvtaicJgKSIOJ1OJG1jR9L2GKN2vfdt28bY2hRVNcawDSAiqioi4Ciwyn1009+ftiG/e3oc1U9bPY2x9c7D6z/88Y8k13UdVQ8rTmu/2LbtvPbNce5eR22FDpCQ8eLFz4iffvrpPM+2SY4xIoIkrmzjmakdq2qMMU9zqfCcIxIk13Wd57lUMEjimaqapqmqSGJHMiIkeccdLoxtbFObIoI0SXnM8+xdVdmu
2018-11-28 19:17:02.490	http://192.168.100.88:8088//pdio_collect/analysisData/upload [SEND] TOO LONG:{
    "detectObjects": [
        {
            "height": "350",
            "locationX": "0",
            "locationY": "60",
            "type": "Nest",
            "width": "330"
        }
    ],
    "pictureContent": "iVBORw0KGgoAAAANSUhEUgAAAlgAAAHgCAIAAAD2dYQOAAAgAElEQVR4AezB25Jl13kl5jHGnGvvPBWqUCgcKNMSTR2oaEAUJdrRDkf4DXzRT+En9IUfwBcOX8nqbnXYkkxKIlsCAVQBVZWZe681/zGcOcXdzGoAajis0FV9H3/yk59gsh2ztcWTpqpKghOSmpJs27YsS+9927bdbldVrTXbY4wkJHvv27ZVVWst07IstjElAVBVZ2dnYwySkpK01r766qv33nuvqmwnAWAbwLIskmyTBEDSEx6wPcbovdvGlAQnZCQGriqSkjLZBpCEJB5IAsA2SUljjCQ4sd1aI4lvkgQPkFzXVVJVAZCEE9uSkrTWxhiSALTWDodD752kbTyQCSe2JSWxDUASySSSqtYkrYHUtm0kgcU2Jk1VZRu/tgForUkaY5AEIAlAQrzJdu/9+vp6WRZJSfBAEpzknpJIylRVrbUkVcVJEibbyehd67ouyzLGSILvLAkeIImTTLZba7inO0BLAsATfqNwz5xsJ8FJJpyQjeS6rrvdrqoAJMGJbXyTBDbukMS3S4IHkuCBTHjrre+gtZbENv5JnPBAJrxpWZbLy8uxHpXsG7bjsfdm1OaogYaE3W4hiROBNHe73fF4JIk7BMEktiUdDsfe2+Xl5bIs27YlMbRt2xhVY1xeXQK4vr4+Oz/rrZM8Ho8Aatrtdjc3t2ME06NH54djPXl8+dnLm8sdn78+Pn33YrfbjTFev75++vTdX/3qi97b8VjLAv74xz8mCSB3TKknsU2RYCYAJHvv
2018-11-28 19:17:12.114	http://192.168.100.88:8088//pdio_collect/analysisData/upload [SEND] TOO LONG:{
    "detectObjects": [
        {
            "height": "28",
            "locationX": "140",
            "locationY": "155",
            "type": "Nest",
            "width": "33"
        },
        {
            "height": "50",
            "locationX": "56",
            "locationY": "104",
            "type": "Nest",
            "width": "86"
        }
    ],
    "pictureContent": "iVBORw0KGgoAAAANSUhEUgAAAlgAAAHgCAIAAAD2dYQOAAAgAElEQVR4AezBC7Ct510e9uf5v+/3rbX3Pjddjy6WjhEyoDS2Y8jQYdowlAkQiBOgzZBOm+nY6VDAOG5ImMmE297HhoakGBtMnAsmGDAEQsI1JWmHS0IplIsxvgF1jI2RJdk6ks51773W973/5+nan7TlfSzJkW1hyfL6/Xjj9bcYjkBEGK6lZqakUook25iUUgC01mqttltrtiPCdmttc3NzGAYYhltrEQGApCQAfd+P48hwhMax1VqzRd/3V65cKaV0XWc7MyPCdmYeO3ZsuVx23WyxP85m88wEBKqWOVDb2PaHB37ix37hxV/++W3EUiBBY96DxDPQaEBoCwz7WFkuXTuO41hLB4ClWey6Mo4ex9G2pForyWPH6jBoYyPGEculS+HGBvo5WPBM0/f9Ddff3FqTRDIiaq37+/td19mWZBtH2MYhPyJtS8LVaJAEIMk2gHEcu67DxDbJzIwI2zjUWgNQa5UEoLUWESQlRYQneAzbOCJhHEEYVzNU2aUTgCGsrT0Vaq2tNax9AvGm08+RFIFa6tjGUgqAiCiltNYy03ZEABiGYXNzs7UGQCkQtlNpue/7xWLR9
2018-11-28 19:17:14.010	http://192.168.100.88:8088//pdio_collect/analysisData/upload [SEND] TOO LONG:{
    "detectObjects": [
        {
            "height": "40",
            "locationX": "116",
            "locationY": "142",
            "type": "Nest",
            "width": "53"
        }
    ],
    "pictureContent": "iVBORw0KGgoAAAANSUhEUgAAAlgAAAHgCAIAAAD2dYQOAAAgAElEQVR4AezBCZylZ10n+t/v/zzvWauq15ANkk5ICMg+KiOiM1zHUWeBMDqijlckqB9HUWQb11TVqepuZLxzFQVhHGcAQS9uMGCEEEFUZqI4wUAwC5CtO+lOd6e36qpzTtU57/P8f/fUmxxSTWhpIG0acr5fbt68eTgcxhglecUqqEjKOUsyM0k55xCCpEajceLEiVarhTEikDQ23JFSOra0v9Go40s17KNogIbHGgccSUiOlOCOlCCBQBTWCSMkJJCINZiBhliAAANAnIX23nRTueez6C0dO3ggDQcj7n58ZTlDJ/rd/YeXlod+ZLX8+N/dqkb72FpvLQ1xMkk5Z0k4BZLYQJK7Y8zM3D3GuLa2FmMES4xpHaVMEoAknCRgA404MSaIICpCDqHIucQYSUmokCDhjocjIeEsYQZ3nD4SEr6WhICcMfHYxKmpqcFg0Gw23V0SKmYGQBV3B0BSEsaKohgMBjFGjBFGmrHhjuFweNddd17w+C34kuThytEj7S1brGjiMULwEu5IJQZryAQCQoCEsoQZCERhnTBCYiQE1JuwgJwR6zib3XHjJ/L+u7h0fOnoQR8ORlJKS90VJ/rl2v7Dx4/2Bssp3H+ku/f+o/ctHVnLJYSNJOWcJeEUSGIDSe6OMTNz9xjisByaGVhiTOsoZZKS8PkCNtCIE1+I4MYgZEmokJREQsLJCAgTExNnGbZaLXePMUpCxcxQkeTukkhijKQkM3N3khgjjDRjA7CyLBc
2018-11-28 19:17:15.922	http://192.168.100.88:8088//pdio_collect/analysisData/upload [SEND] TOO LONG:{
    "detectObjects": [
        {
            "height": "45",
            "locationX": "254",
            "locationY": "233",
            "type": "Nest",
            "width": "60"
        }
    ],
    "pictureContent": "iVBORw0KGgoAAAANSUhEUgAAAlgAAAHgCAIAAAD2dYQOAAAgAElEQVR4AezB0Y5t13Wu1+/vY66ifOFjI4BlaevQ7/9kOQlykxiQtHet2fuXVYOc1CqTm2EICCaEai3/9m//W3IALy8v3Z0EcMtlZoDa+LrZqirJWgs4z1N9eXkBZkblMjM8UXmy1urumbndbt2t8kTliRuXqlK7G1B54pYEmLmrvDczPKliZoAkbsBxHOd5rrXO80zCTystvmJm7vf77XZTqyrJzJ0n6sxwUdmqaq01M1xmxi3b62uvtfhZahI1Gd5Tfobyd6L8agk/SKjKA5fwwqWqUkKzJUeVSQC35OCSpKq4JHGy1gJUIAlPVJ5IQ3NRgZnxTZ33ud1u3a0CZ7/ebsVFnRmeHMfx5cuXtRag8hVavOeEZ7nzM7zxRFqHr1A+fPiHkT/84d+01Nvt1t3ZuCQBZgaoKmCtpfIVXo7jqKruBrK5cZkZnqg8SbLWut/vVeXGE5Unbmwzs9YCuhtQeeKWBJi5AypPZoYnVcwM21rrPE9grXWeJ5CEr9DAAtQkKpCEbWbO87zdbjNTVUlm7hAQ6G7eU9mqKsnMVBVbd6tsSWbyoPJ1ahI1Gd5Tfobyd6L8agk/SKjKA5fwwqWqUkKzJauKJIBbcnBJUlVckjhZawEqkIQnKk/khOGiAjPjm3ISMg5COPt1LR7UqlJnhidVdb/fq4qfpcV7TniWOz/DG0+kdfgK5cOHfxj59Onfu8mmZgOScFGBJFXF182MW1WttZKoXFSezAxPVJ4kUQGVH1F
2018-11-28 19:21:22.014	http://192.168.100.88:8088//pdio_collect/analysisData/upload [SEND] TOO LONG:{
    "detectObjects": [
        {
            "height": "72",
            "locationX": "72",
            "locationY": "209",
            "type": "Nest",
            "width": "96"
        },
        {
            "height": "227",
            "locationX": "173",
            "locationY": "188",
            "type": "Nest",
            "width": "147"
        }
    ],
    "pictureContent": "iVBORw0KGgoAAAANSUhEUgAAAlgAAAHgCAIAAAD2dYQOAAAgAElEQVR4AbzBgZIlV3Jl133cI14Wmvgo2cxw2K02Sf//HU0CmS+un6PCBQN8yUI1IZKmtfQ//o8/n+dZVWxhwGySqioJIClJbbywnURSVfGZJF5IYqttrZWE7e3t7fl88kISN21VxeYtCZsk24/HwzbfqCpJvEjCZ7aTSKoq27xIAmgDruv64Ycf1lpxHFdVEjZJVaUtG7fuTgJ0988//3yepyTbz+ezu7l19/P57G4gCZ9d1/XDDz8Az+fz7e3t4+OjuwGpS+eMr+uSVFXc1lpfvnz5l3/5l7e3t7UWkMRZYG18VmrpsEkiKcnz+XOVqopNEt9RVWGS+RWQjVsSXiQBZiYJkIRbkuu6zvN8Pp9VBWTjlo3NdjZukrhJqipJbJJsf3x8dDdbNklJ1lq8yI2tqgBJP//883EcufEbGYYtiTc+W2v98MMPM2MbsC2pu2dGEjAzb29vtmeGWzZuSZ7P55cvX2YGkGQ7iTbANlsS25Kqii0J8HicUn18fCThRRJeJAG6+/39/TzPx+PxfD75/10SviEJSFJVSWYG6G7+Lkm8SCKJF0nYtPEiCf9ZktgkcUvCC92
2018-11-28 19:21:23.374	http://192.168.100.88:8088//pdio_collect/analysisData/upload [SEND] TOO LONG:{
    "detectObjects": [
        {
            "height": "71",
            "locationX": "56",
            "locationY": "267",
            "type": "Nest",
            "width": "88"
        }
    ],
    "pictureContent": "iVBORw0KGgoAAAANSUhEUgAAAlgAAAHgCAIAAAD2dYQOAAAgAElEQVR4AazBgXIlV3Jk2+0RJy9AmWz+QWbi8P+/bay7Cpkn3N9lolECWawSn2bW0q+//npd1+vr6+Px+PLli6S11tevX9dagCS+c57n6+vrzABVlUS33LhJApJUFZCbpO6+rus4DknXdQG6dXdVJbF9zSwJCejuvXdV2e5uIMl1XY/H4zzPl5cX20BVSbKdxDaQBHg8HklsA5KAJECSx+NRVf/85z+P4zjP8/F4nOe51uIT2//2b/92nmcSwPbj8bC9904yM4/H47qu4ziAJLbXWoCk2QIkzczr6+uXL1/WWkm4OScfrut6eXkBcuPDzLy+vl7XVVXckhCBuo/zPI/jmLmSIHOLpQqp/IvsHVIqSUASPnl9ff0//+f/PB6PJFU1M0lsH8eRxPbeO8nr6+vM7L1/+eWXvbck20BVSUoC2Aaq6rqu4zj23t19nmd3S7quCziOY2b4kISbbaC7k1zXNTPdPTNVBSQBbK+1ZiYJoFKpfNt7v76+7r25Hcfx5cuXx+Ox915r6QYkAd7e3rqbWxJuVXVdl27dDcxMEiA3bjOjm21JM9Pdj8fjH//4x+PxSGJbEh+6++vXr2utvbckQJLtXpLMLamqvs79yy+/fPnypbv5xCZcpB6Pxz/++Y9jHUkk8Zfkp6rwLx2LT5LwwXbIsQ7b/JUk/L+QBKgqIAkfknBTDZ9lAYlViglefdjmg6Qk3JLwExo+S/MkhMLwu/BBKnB3XZcl/kTiGwndbANVlRu3
2018-11-28 19:21:46.437	http://192.168.100.88:8088//pdio_collect/analysisData/upload [SEND] TOO LONG:{
    "detectObjects": [
        {
            "height": "302",
            "locationX": "47",
            "locationY": "57",
            "type": "Nest",
            "width": "219"
        },
        {
            "height": "190",
            "locationX": "38",
            "locationY": "52",
            "type": "Nest",
            "width": "230"
        }
    ],
    "pictureContent": "iVBORw0KGgoAAAANSUhEUgAAAlgAAAHgCAIAAAD2dYQOAAAgAElEQVR4AezBW4xl6Xke5vf9/rXW3ruqzzMcU0wiOxQJI3AU5QAnV4GBHK4CIfBdYiOAEdmxgiA3TpBInCoG01Uj6hRKDBXLIsUhAyRAkANiS7EUKZAYCWbsyDYUSjwoPIicoSjOcGa6u6r23mut//+/782uXdM91T3d1dVzIGes/Tz83b/1E23bDv1w+crlYRgkYY2kpFrqymQ6aZqGIROmk0nO2daO5rdSsulk0g/D1atXb9x8CYgVSbEmCae4u5mRBCKXIRnmi8V0On3ssce++tWvPvHEE4vF4l3vetfNmzcff/zxr33ta+973/ueffZZd127+vjNmweLxaLW2o/D9sWLB/MjABcvXvyjP/5WwETztWGso3E55pTS0dFRcRZPw1giYj6fT2Zb81zm/VDWaqj3KKFaa0TUlXAHXNjY2HhrESQUOD9rGFV4m2HCigKvZYlRhRXi/EgqBOJcBGsYLjwU8SoBQmrNPXBfAogTJCScRTiL8CgMAM1IhjsQ+I7g7338p1NKkiICAEmc0nXdcrnsug4CJZOmk2nO2dbmi8OLF7fn8znJ7e3to/lBRDUzd48IreGU
2018-11-28 19:21:48.238	http://192.168.100.88:8088//pdio_collect/analysisData/upload [SEND] TOO LONG:{
    "detectObjects": [
        {
            "height": "32",
            "locationX": "488",
            "locationY": "359",
            "type": "Nest",
            "width": "45"
        },
        {
            "height": "35",
            "locationX": "132",
            "locationY": "366",
            "type": "Nest",
            "width": "58"
        }
    ],
    "pictureContent": "iVBORw0KGgoAAAANSUhEUgAAAlgAAAHgCAIAAAD2dYQOAAAgAElEQVR4AezB3bJkd33m+e/zW/m2JdnoClxFAOGXmLBvoGcOfAH2+dgWNGDPTASe83bt3FWZK0sd4SMwRIwNAqbNBTgQ48OZiZ4baMMQg93QNuUbkARIO3Ot9f8/k7mqtrS3VC+7QJJVyt/nI1JKKaUjJlJKKaUjJlJKKaUjJlJKKaUjJlJKKaUjJlJKKaUjJlJKKaUjJlJKKaUjJlJKKaUjJlJKKaUjJlJKKaUjJlJKKaUjJlJKKaUjJlJKKaUjJlJKKaUjJlJKKaUjJlJKKaUjJlJKKaUjJlJKKaUjJlJKKaUjJlJKKaUjJlJKKaUjJlJKKaUjJlJKKaUjJlJKKaUjJlJKKaUjJtLHwosvfuITn3jx3r17jF588ROf+MSL9+7dI6WU0mOJ9LFwurx1ujxdzE4YnS5vnS5PF7MTUkopPZZIHzHfeOXrkgDvEdhcJon6p1/8M646Xd46XZ4uZieMTpe3Tpeni9kJ8I1Xvs5V33v1e6+++j1SSimBSB8x2+5cEuCDsM0lOqiL2QlXnS5vnS5PF7MTRqfLW6fL08XsBNh251y1aTeb9i4ppZRAvE92ux0wn895
2018-11-28 19:21:58.976	http://192.168.100.88:8088//pdio_collect/analysisData/upload [SEND] TOO LONG:{
    "detectObjects": [
        {
            "height": "258",
            "locationX": "383",
            "locationY": "86",
            "type": "Nest",
            "width": "179"
        }
    ],
    "pictureContent": "iVBORw0KGgoAAAANSUhEUgAAAlgAAAHgCAIAAAD2dYQOAAAgAElEQVR4AZTBUZpsWXKc19/c94nIWwAeMAwBREMgqfkPRp80AnXljTjbzRR5qoLIQrMoaC390z//ZfV6PB9rraqKpCSltdbz+awLUFXA8/Pnx8cHvyvbfdG/iy9JuHQfQGlV1efn59///d8nkcTl8Xh8fHzcbrfxWcXz+bzdbuc5P378eD6fXKpKiiQuknLhLcneO8nHx4ek5/O51qoqoCjRR9/O81xrgYH7x/H5+bnWqiqYPXutrqrH4+w6AF2qSnQS3mzPzFrrPM/uBpLQhLWzj9Y+nyp9QdkGbsfhpLuTSKoqQBKw95a09z6Ow7ak2Tuw1ppLX2YmiSTbks7z/Pj4sJ0EWN17BujumQEkAba7e2JJky+SPj4+cm5JSc7zBHrdbOdiG5DU3Ulm5uPj4zxPYK2VBJiZx+NxHIftqpKUBJAEzIyk7ubt8/NzrWW7u6uKi+0kt9ttZrg8Ho/jOPgf5O7ee89MLOQkgCRSSfhOBvbet9ttrfXXv/71OI7Pz8/7/f54PKqqL8/nMwngS1V19+12ezweM/N8PoHulsRbEr5JYpu3XGwnAT4/P+/3+8wAknibPfeP+/P5TALMjO2qksQlb7wlAXyR0ktV+fz8tH2/385zA7okAapqZoCkbCcBZuZ2u+3TSbhIMgzp7pkBcuFP2ObPVcfeSfjSGiW53W6//vrrcRy8/frrr7/88ksufLPW+vnz51pLEt9IKv4gCZfu3ntX1cxISgJI4j9HUiRkIB
2018-11-28 19:22:00.698	http://192.168.100.88:8088//pdio_collect/analysisData/upload [SEND] TOO LONG:{
    "detectObjects": [
        {
            "height": "66",
            "locationX": "277",
            "locationY": "277",
            "type": "Nest",
            "width": "101"
        }
    ],
    "pictureContent": "iVBORw0KGgoAAAANSUhEUgAAAlgAAAHgCAIAAAD2dYQOAAAgAElEQVR4AezBW5Ne13ng9/+z1tp7v4dudKMBggRJCSAp2ZUpVzI1qXIqV5NvYH+ASJRoTa7sUeZybHT3ewInk5vRwUlmJErU2KlcOpI1Ts1NknLiVBx7LIsaUhTEE6gTJfEAoI/v3nut50m/m2izYQIkKJAUqV6/n5BlWZZlx5iQZVmWZceYkGVZlmXHmJBlWZZlx5iQZVmWZceYkGVZlmXHmJBlWZZlx5iQZVmWZceYkGVZlmXHmJBlWZZlx5iQZVmWZceYkGVZlmXHmJBlWZZlx5iQZVmWZceYkGVZlmXHmJBlWZZlx5iQZVmWZceYkGVZlmXHmJBlWZZlx5iQZVmWZceYkGVZlmXHmJBlWZZlx5iQZVmWZceYkGVZlmXHmJBl2XvJVaXWDVmWfVAJWZZlWXaMCdmvhNXV1ZXVlRcvv0hndXV1ZXX1xcuXybIsy96SkP1KuLCxvr65XvmSzvrGxvrGZhk8WZZl2VsSsg+Yxx//KrdmLDzy6Ue40cbG5vr6RlF4Ohsbm+vro6IQ4CuPfdV5Md7wjQNf/zpZlmUZCNkHjFri1gwDvARutLG+ubExCoXQ2djY3NwY+SBA2ySwhHJoNp3OplN+ZQkY7xknQU1BybLsV4LwLmnqqKK9suRmmjqqaK8suW37cc6NZpPZxcmMTtukJjZVrxIROuPRaDIecxtiq2CIKYnOdDKdTmYcWt/YGG1uKguF99zMzs6OiSwPhxzRNgnETAEVBWbT6Ww65Z
2018-11-28 19:22:02.213	http://192.168.100.88:8088//pdio_collect/analysisData/upload [SEND] TOO LONG:{
    "detectObjects": [
        {
            "height": "69",
            "locationX": "254",
            "locationY": "336",
            "type": "Nest",
            "width": "102"
        }
    ],
    "pictureContent": "iVBORw0KGgoAAAANSUhEUgAAAlgAAAHgCAIAAAD2dYQOAAAgAElEQVR4AezBzZJl13nf6d//XWvvc6pAgBCpbkVPxKRBumfuSUd09Mi+A2veIQEC5anlOVGZ5+xMKhzRA4fokWWgbKlvQOQFdOgSRGrgboEQEgRBiV9yFUFU5Tl7rfU6z0KlkEnURwIgUKjK93lECCGEcIWJEEII4QoTIYQQwhUmQgghhCtMhBBCCFeYCCGEEK4wEUIIIVxhIoQQQrjCRAghhHCFiRBCCOEKEyGEEMIVJkIIIYQrTIQQQghXmAghhBCuMBFCCCFcYSKEEEK4wkQIIYRwhYkQQgjhChMhhBDCFSZCCCGEK0yEEEIIV5gIIYQQrjARQgghXGEihBBCuMJECOHTtFwOJyczIYTPKxFCCCFcYSI8FZ7vjo+P6Z7vjo+PCSGE8FAiPBX2u5wz3X6XcyaEEMJDifA5c/PmTR7l5Zdf5qL9LudMt9/lnIGbN29y0Xc6QgghgAifM7VWHiWlxEX7Xc6Zbr/LOQOlFC6aOkIIIYD4DSllA+S84H5K2QA5L7g098JFq9W0Xk907oWLVqtpvZ64hFq3XLReH07TIWdu3Hhlf/8VumFYcj/b7d1SyvXrz3KOe+Gi1Wparyc+ilprSokHq7WmlDinlMID5JxLKVNHV0qZOrpSCh/F1PFRlFKAnDPnuDsXrVar9XrNJZRSuGjq6ErZgMA4M3VcQq2Vi9br9TRNdLVWzimlHB4eHh0dEUJ4konfkFI2QM4L7qfWrbvnvODSat2aGeesVtN6Pd
2018-11-28 19:22:07.883	http://192.168.100.88:8088//pdio_collect/analysisData/upload [SEND] TOO LONG:{
    "detectObjects": [
        {
            "height": "127",
            "locationX": "327",
            "locationY": "353",
            "type": "Nest",
            "width": "138"
        }
    ],
    "pictureContent": "iVBORw0KGgoAAAANSUhEUgAAAlgAAAHgCAIAAAD2dYQOAAAgAElEQVR4AezB2bMd53n259/9vN29hj1iBjGQlERKsq36nBymnPMkf3AqOUhVqjzpc6QyS7ZFimQkgwBnEMPGHtbQ/T531m5wQRsa7CSVWCgT1yX+XxOY/2cKVF57hTVIvCCj5DkJiRdsaiWCDZsIqPy7EgzmP0qBgIZzBYSWeM4fFVChQEITpWQm7jk3BUd0bTOrtYppXwdwG9M+F9BCQEc3RWK1oKwlnC1umvk8ItbHj2jnpekuH+407WR3OrtyeDmCg/nu5at7l69ML126NDs3KaX8+M9+OJvN5vP57m57cKntuq5pmsmkRDBUN41K4U/JnDOIc4bEsF6xXLJeDdhAaYvts8ViGAZn2j56etSv+7OzZWaenKxPTxfVfnZ6kvjrr7/u+369XtdaZ7PZkydPlsslL8sND32/mkwmkoCe7IfeaSBrRrrrWhAwDIPtUiLTkoZhuHR5/9mzI0mciwiGYWDLll3Z6vu+bdvMtM1WMG3bnd3d3TfeeOP27dt37ty5efPm7u4u0dRah2F48ujhZ5/+5qOPfvV3P/2bjz/89Wef33M+hoHXXm3ite8y8VsOCCRekFHynITECza1EsGGTQRU/g3mXIL5D1QgoOFcAaElnvNHBSQEJDRRSmbFA+emkBGTtpllTZj0dYBsYjrkssRsOt9frDP7Fd0U587uXkTUWtfr9Ww2u3Xr1nK5/J/+x//hrbe/95M///Hu7uyrz766dvnK9euT1tOm8+Wr3tkPh
2018-11-28 19:22:11.760	http://192.168.100.88:8088//pdio_collect/analysisData/upload [SEND] TOO LONG:{
    "detectObjects": [
        {
            "height": "210",
            "locationX": "0",
            "locationY": "50",
            "type": "Nest",
            "width": "280"
        }
    ],
    "pictureContent": "iVBORw0KGgoAAAANSUhEUgAAAlgAAAHgCAIAAAD2dYQOAAAgAElEQVR4AdTB0ZZkx3UkWDM77jcyAfSPtDQUtaSX/v8/EonKiOt+zCbiopKoIglSWupZI+7Nf/mX/929q4akvT1vs5G993Ecj/Nj1Fv3GmNIIgkgSVU9Hg+S3U3y7e0tyd77h/f3n798eX9/X2sBSCKpu8cYJHHZe7+9va21SN5ut31JgksuJKvKdpK3t7eP+11kd//www/neUpK0pc5J9pPP/3ww/1+J5mnUZLmnN0NoKqSAOju2+325cuXMUYSAEXGgY1LAAPzdpznSdK7RxWAvXe3SdzmtJ2EZHfz0+PxGGPk03meVSVpjJGEZBKSiRP8/PPPP/zwA0nb3Q0giQGUxhjned7GTHeC4xhr7bXWGGOtNcZYa805SXa37TFGAqmAsg1gDjmWZnfPOc/L+/u7L0RReZL09vb28fExhqV6PB4kpbHWvt3e/dX64YcfHo8PSWut9/d3Sb6MMQx1N2rariqvXVXj8vPPP99utyS2xxh9EXaV8mKbtqUJoLvf39+7+zzPMUZ3ExX0cRzneUoiaVvSeZ7HcRgAoTG6e+9NVB3qtZPMObN7x7ngU3ePOeJUVZzdW1LMoKUARbKq9v0Re4zR3Ukk7b0BJCHZ3VAkrbVIdpsDSfbet9vtPE8ASURSSnKe53EcIEu630+Su3PMY8657l9sCwYgCUAuAEgmaaBjXEjmIsk2zfPst7c3AN0NIDnxPdskAXR3VXV3VXU3gGTgG0kAJME3uhtAVeEbJIFudBKS
2018-11-28 19:22:15.602	http://192.168.100.88:8088//pdio_collect/analysisData/upload [SEND] TOO LONG:{
    "detectObjects": [
        {
            "height": "210",
            "locationX": "282",
            "locationY": "239",
            "type": "Nest",
            "width": "257"
        }
    ],
    "pictureContent": "iVBORw0KGgoAAAANSUhEUgAAAlgAAAHgCAIAAAD2dYQOAAAgAElEQVR4AXTBi5Il23EkVveI2JmnGsCMzPSBQ4GPMZP08yRuV53MHeGu6gRbJE2jtfiPf/3n7rb9er0iwsqZ6e6q6m4Aay3bEfHx4/zjj799fLy6G99kBL/V4+vrq6oiAkBE7L1/nH95v98/fvz4/Pw0oxZ6cJ7n3juSIQHKTP9CqSOiuzPTdkRIwm+2ay3Ykmxf13We51oLwOfnZz4ARITtmTmOI6sIZGatdV8XAP221rquCzbIj4+P67rWWp+fn6+H7Zm57xvAdV3Hcay1AEiKiL03gMy0nZkzk5l7b5uZueoEsPeOh22SEXHdV5qslNTdEVWvdRzH+/3ee79er6q677u711oRwdF93xGRmXv62zrP+74jguRiZObMSIrK+WbjQf9Skd39er2+rnd8q+ru8zx7b0ZIykwAkgCQlGQbgO2ZOY5jZgAsxsxkFmDBa62v6+LDv+G3NL7pgWBVCdh7S4oIAGut7gbg3wBUFYDuBjAzmXnft6SIWGvNTGbuvQFc17XWIpmZJF+v1x9//JGZtu/7Xmu93+/X63XfN/4rSd39er0k2Z6ZqpJkDIC18uvri6RNY6YnIvDbPI7jANDdACT5F1bFdV0AMjKDM+NRZtpu7+CxZ0dEdwPY9x8RsdaSRNJ2VX1+flaVbchjfYsIsvDNQVLS3jsi1lp7b9vHWXvfgACQ7G7bAK7r+vHjx97bNgDbkgBHZHevtSR17+M4Ae/dX1+fr9fH+/0+zxMPPwCQj
